{"meta": {"format": 3, "version": "7.10.7", "timestamp": "2025-11-01T00:33:37.289207", "branch_coverage": true, "show_contexts": false}, "files": {"src/__init__.py": {"executed_lines": [1], "summary": {"covered_lines": 0, "num_statements": 0, "percent_covered": 100.0, "percent_covered_display": "100", "missing_lines": 0, "excluded_lines": 0, "num_branches": 0, "num_partial_branches": 0, "covered_branches": 0, "missing_branches": 0}, "missing_lines": [], "excluded_lines": [], "executed_branches": [], "missing_branches": [], "functions": {"": {"executed_lines": [], "summary": {"covered_lines": 0, "num_statements": 0, "percent_covered": 100.0, "percent_covered_display": "100", "missing_lines": 0, "excluded_lines": 0, "num_branches": 0, "num_partial_branches": 0, "covered_branches": 0, "missing_branches": 0}, "missing_lines": [], "excluded_lines": [], "executed_branches": [], "missing_branches": []}}, "classes": {"": {"executed_lines": [], "summary": {"covered_lines": 0, "num_statements": 0, "percent_covered": 100.0, "percent_covered_display": "100", "missing_lines": 0, "excluded_lines": 0, "num_branches": 0, "num_partial_branches": 0, "covered_branches": 0, "missing_branches": 0}, "missing_lines": [], "excluded_lines": [], "executed_branches": [], "missing_branches": []}}}, "src/borrowable_item.py": {"executed_lines": [1, 6, 7, 11, 25, 26, 27, 28, 29, 30, 32, 39, 41, 43, 44], "summary": {"covered_lines": 13, "num_statements": 13, "percent_covered": 100.0, "percent_covered_display": "100", "missing_lines": 0, "excluded_lines": 0, "num_branches": 0, "num_partial_branches": 0, "covered_branches": 0, "missing_branches": 0}, "missing_lines": [], "excluded_lines": [], "executed_branches": [], "missing_branches": [], "functions": {"BorrowableItem.__init__": {"executed_lines": [25, 26, 27, 28, 29, 30], "summary": {"covered_lines": 6, "num_statements": 6, "percent_covered": 100.0, "percent_covered_display": "100", "missing_lines": 0, "excluded_lines": 0, "num_branches": 0, "num_partial_branches": 0, "covered_branches": 0, "missing_branches": 0}, "missing_lines": [], "excluded_lines": [], "executed_branches": [], "missing_branches": []}, "BorrowableItem.is_available": {"executed_lines": [39], "summary": {"covered_lines": 1, "num_statements": 1, "percent_covered": 100.0, "percent_covered_display": "100", "missing_lines": 0, "excluded_lines": 0, "num_branches": 0, "num_partial_branches": 0, "covered_branches": 0, "missing_branches": 0}, "missing_lines": [], "excluded_lines": [], "executed_branches": [], "missing_branches": []}, "BorrowableItem.__str__": {"executed_lines": [43, 44], "summary": {"covered_lines": 2, "num_statements": 2, "percent_covered": 100.0, "percent_covered_display": "100", "missing_lines": 0, "excluded_lines": 0, "num_branches": 0, "num_partial_branches": 0, "covered_branches": 0, "missing_branches": 0}, "missing_lines": [], "excluded_lines": [], "executed_branches": [], "missing_branches": []}, "": {"executed_lines": [1, 6, 7, 11, 32, 41], "summary": {"covered_lines": 4, "num_statements": 4, "percent_covered": 100.0, "percent_covered_display": "100", "missing_lines": 0, "excluded_lines": 0, "num_branches": 0, "num_partial_branches": 0, "covered_branches": 0, "missing_branches": 0}, "missing_lines": [], "excluded_lines": [], "executed_branches": [], "missing_branches": []}}, "classes": {"BorrowableItem": {"executed_lines": [25, 26, 27, 28, 29, 30, 39, 43, 44], "summary": {"covered_lines": 9, "num_statements": 9, "percent_covered": 100.0, "percent_covered_display": "100", "missing_lines": 0, "excluded_lines": 0, "num_branches": 0, "num_partial_branches": 0, "covered_branches": 0, "missing_branches": 0}, "missing_lines": [], "excluded_lines": [], "executed_branches": [], "missing_branches": []}, "": {"executed_lines": [1, 6, 7, 11, 32, 41], "summary": {"covered_lines": 4, "num_statements": 4, "percent_covered": 100.0, "percent_covered_display": "100", "missing_lines": 0, "excluded_lines": 0, "num_branches": 0, "num_partial_branches": 0, "covered_branches": 0, "missing_branches": 0}, "missing_lines": [], "excluded_lines": [], "executed_branches": [], "missing_branches": []}}}, "src/business_logic.py": {"executed_lines": [1, 4, 5, 8, 9, 13, 14, 26, 27, 29, 30, 33, 34, 36, 37, 40, 41, 44, 45, 46, 48, 49, 50, 53, 54, 56, 57, 60, 61, 62, 65, 66, 67, 70, 72, 73, 83, 93, 95, 96, 107, 108, 109, 111, 112, 113, 115, 116, 127, 128, 130, 132, 133, 144, 145, 146, 149, 152, 153, 154, 155, 156, 157, 161, 162, 173, 174, 177, 178, 180], "summary": {"covered_lines": 68, "num_statements": 70, "percent_covered": 94.54545454545455, "percent_covered_display": "95", "missing_lines": 2, "excluded_lines": 0, "num_branches": 40, "num_partial_branches": 4, "covered_branches": 36, "missing_branches": 4}, "missing_lines": [68, 159], "excluded_lines": [], "executed_branches": [[26, 27], [26, 29], [29, 30], [29, 33], [36, 37], [36, 40], [40, 41], [40, 44], [45, 46], [45, 48], [48, 49], [48, 53], [49, 50], [53, 54], [53, 56], [56, 57], [56, 60], [60, 61], [60, 65], [61, 62], [65, 66], [65, 70], [67, 70], [108, 109], [108, 111], [127, 128], [127, 130], [145, 146], [145, 149], [153, 154], [154, 155], [154, 157], [173, 174], [173, 177], [177, 178], [177, 180]], "missing_branches": [[49, 53], [61, 60], [67, 68], [153, 159]], "functions": {"BusinessLogic.check_loan_allowed": {"executed_lines": [26, 27, 29, 30, 33, 34, 36, 37, 40, 41, 44, 45, 46, 48, 49, 50, 53, 54, 56, 57, 60, 61, 62, 65, 66, 67, 70], "summary": {"covered_lines": 27, "num_statements": 28, "percent_covered": 92.5925925925926, "percent_covered_display": "93", "missing_lines": 1, "excluded_lines": 0, "num_branches": 26, "num_partial_branches": 3, "covered_branches": 23, "missing_branches": 3}, "missing_lines": [68], "excluded_lines": [], "executed_branches": [[26, 27], [26, 29], [29, 30], [29, 33], [36, 37], [36, 40], [40, 41], [40, 44], [45, 46], [45, 48], [48, 49], [48, 53], [49, 50], [53, 54], [53, 56], [56, 57], [56, 60], [60, 61], [60, 65], [61, 62], [65, 66], [65, 70], [67, 70]], "missing_branches": [[49, 53], [61, 60], [67, 68]]}, "BusinessLogic._get_loan_period": {"executed_lines": [83, 93], "summary": {"covered_lines": 2, "num_statements": 2, "percent_covered": 100.0, "percent_covered_display": "100", "missing_lines": 0, "excluded_lines": 0, "num_branches": 0, "num_partial_branches": 0, "covered_branches": 0, "missing_branches": 0}, "missing_lines": [], "excluded_lines": [], "executed_branches": [], "missing_branches": []}, "BusinessLogic.process_loan": {"executed_lines": [107, 108, 109, 111, 112, 113], "summary": {"covered_lines": 6, "num_statements": 6, "percent_covered": 100.0, "percent_covered_display": "100", "missing_lines": 0, "excluded_lines": 0, "num_branches": 2, "num_partial_branches": 0, "covered_branches": 2, "missing_branches": 0}, "missing_lines": [], "excluded_lines": [], "executed_branches": [[108, 109], [108, 111]], "missing_branches": []}, "BusinessLogic.check_return_allowed": {"executed_lines": [127, 128, 130], "summary": {"covered_lines": 3, "num_statements": 3, "percent_covered": 100.0, "percent_covered_display": "100", "missing_lines": 0, "excluded_lines": 0, "num_branches": 2, "num_partial_branches": 0, "covered_branches": 2, "missing_branches": 0}, "missing_lines": [], "excluded_lines": [], "executed_branches": [[127, 128], [127, 130]], "missing_branches": []}, "BusinessLogic.process_return": {"executed_lines": [144, 145, 146, 149, 152, 153, 154, 155, 156, 157], "summary": {"covered_lines": 10, "num_statements": 11, "percent_covered": 88.23529411764706, "percent_covered_display": "88", "missing_lines": 1, "excluded_lines": 0, "num_branches": 6, "num_partial_branches": 1, "covered_branches": 5, "missing_branches": 1}, "missing_lines": [159], "excluded_lines": [], "executed_branches": [[145, 146], [145, 149], [153, 154], [154, 155], [154, 157]], "missing_branches": [[153, 159]]}, "BusinessLogic.check_makerspace_access": {"executed_lines": [173, 174, 177, 178, 180], "summary": {"covered_lines": 5, "num_statements": 5, "percent_covered": 100.0, "percent_covered_display": "100", "missing_lines": 0, "excluded_lines": 0, "num_branches": 4, "num_partial_branches": 0, "covered_branches": 4, "missing_branches": 0}, "missing_lines": [], "excluded_lines": [], "executed_branches": [[173, 174], [173, 177], [177, 178], [177, 180]], "missing_branches": []}, "": {"executed_lines": [1, 4, 5, 8, 9, 13, 14, 72, 73, 95, 96, 115, 116, 132, 133, 161, 162], "summary": {"covered_lines": 15, "num_statements": 15, "percent_covered": 100.0, "percent_covered_display": "100", "missing_lines": 0, "excluded_lines": 0, "num_branches": 0, "num_partial_branches": 0, "covered_branches": 0, "missing_branches": 0}, "missing_lines": [], "excluded_lines": [], "executed_branches": [], "missing_branches": []}}, "classes": {"BusinessLogic": {"executed_lines": [26, 27, 29, 30, 33, 34, 36, 37, 40, 41, 44, 45, 46, 48, 49, 50, 53, 54, 56, 57, 60, 61, 62, 65, 66, 67, 70, 83, 93, 107, 108, 109, 111, 112, 113, 127, 128, 130, 144, 145, 146, 149, 152, 153, 154, 155, 156, 157, 173, 174, 177, 178, 180], "summary": {"covered_lines": 53, "num_statements": 55, "percent_covered": 93.6842105263158, "percent_covered_display": "94", "missing_lines": 2, "excluded_lines": 0, "num_branches": 40, "num_partial_branches": 4, "covered_branches": 36, "missing_branches": 4}, "missing_lines": [68, 159], "excluded_lines": [], "executed_branches": [[26, 27], [26, 29], [29, 30], [29, 33], [36, 37], [36, 40], [40, 41], [40, 44], [45, 46], [45, 48], [48, 49], [48, 53], [49, 50], [53, 54], [53, 56], [56, 57], [56, 60], [60, 61], [60, 65], [61, 62], [65, 66], [65, 70], [67, 70], [108, 109], [108, 111], [127, 128], [127, 130], [145, 146], [145, 149], [153, 154], [154, 155], [154, 157], [173, 174], [173, 177], [177, 178], [177, 180]], "missing_branches": [[49, 53], [61, 60], [67, 68], [153, 159]]}, "": {"executed_lines": [1, 4, 5, 8, 9, 13, 14, 72, 73, 95, 96, 115, 116, 132, 133, 161, 162], "summary": {"covered_lines": 15, "num_statements": 15, "percent_covered": 100.0, "percent_covered_display": "100", "missing_lines": 0, "excluded_lines": 0, "num_branches": 0, "num_partial_branches": 0, "covered_branches": 0, "missing_branches": 0}, "missing_lines": [], "excluded_lines": [], "executed_branches": [], "missing_branches": []}}}, "src/loan.py": {"executed_lines": [1, 4, 7, 8, 12, 20, 21, 23, 25, 26, 27, 28, 29], "summary": {"covered_lines": 11, "num_statements": 11, "percent_covered": 100.0, "percent_covered_display": "100", "missing_lines": 0, "excluded_lines": 0, "num_branches": 2, "num_partial_branches": 0, "covered_branches": 2, "missing_branches": 0}, "missing_lines": [], "excluded_lines": [], "executed_branches": [[26, 27], [26, 29]], "missing_branches": [], "functions": {"Loan.__init__": {"executed_lines": [20, 21], "summary": {"covered_lines": 2, "num_statements": 2, "percent_covered": 100.0, "percent_covered_display": "100", "missing_lines": 0, "excluded_lines": 0, "num_branches": 0, "num_partial_branches": 0, "covered_branches": 0, "missing_branches": 0}, "missing_lines": [], "excluded_lines": [], "executed_branches": [], "missing_branches": []}, "Loan.__str__": {"executed_lines": [25, 26, 27, 28, 29], "summary": {"covered_lines": 5, "num_statements": 5, "percent_covered": 100.0, "percent_covered_display": "100", "missing_lines": 0, "excluded_lines": 0, "num_branches": 2, "num_partial_branches": 0, "covered_branches": 2, "missing_branches": 0}, "missing_lines": [], "excluded_lines": [], "executed_branches": [[26, 27], [26, 29]], "missing_branches": []}, "": {"executed_lines": [1, 4, 7, 8, 12, 23], "summary": {"covered_lines": 4, "num_statements": 4, "percent_covered": 100.0, "percent_covered_display": "100", "missing_lines": 0, "excluded_lines": 0, "num_branches": 0, "num_partial_branches": 0, "covered_branches": 0, "missing_branches": 0}, "missing_lines": [], "excluded_lines": [], "executed_branches": [], "missing_branches": []}}, "classes": {"Loan": {"executed_lines": [20, 21, 25, 26, 27, 28, 29], "summary": {"covered_lines": 7, "num_statements": 7, "percent_covered": 100.0, "percent_covered_display": "100", "missing_lines": 0, "excluded_lines": 0, "num_branches": 2, "num_partial_branches": 0, "covered_branches": 2, "missing_branches": 0}, "missing_lines": [], "excluded_lines": [], "executed_branches": [[26, 27], [26, 29]], "missing_branches": []}, "": {"executed_lines": [1, 4, 7, 8, 12, 23], "summary": {"covered_lines": 4, "num_statements": 4, "percent_covered": 100.0, "percent_covered_display": "100", "missing_lines": 0, "excluded_lines": 0, "num_branches": 0, "num_partial_branches": 0, "covered_branches": 0, "missing_branches": 0}, "missing_lines": [], "excluded_lines": [], "executed_branches": [], "missing_branches": []}}}, "src/patron.py": {"executed_lines": [1, 4, 5, 6, 9, 10, 16, 34, 35, 36, 37, 38, 39, 40, 41, 43, 50, 51, 52, 53, 54, 56, 64, 65, 66, 67, 69, 79, 80, 81, 82, 83, 84, 86, 96, 97, 98, 99, 101, 108, 109, 111, 112, 113, 114, 116, 118, 125, 127, 137, 138, 139, 141, 143, 144, 149, 156, 157, 158, 159, 160, 162, 163], "summary": {"covered_lines": 61, "num_statements": 61, "percent_covered": 100.0, "percent_covered_display": "100", "missing_lines": 0, "excluded_lines": 0, "num_branches": 20, "num_partial_branches": 0, "covered_branches": 20, "missing_branches": 0}, "missing_lines": [], "excluded_lines": [], "executed_branches": [[50, 51], [50, 52], [52, 53], [52, 54], [79, 80], [79, 84], [80, 79], [80, 81], [96, 97], [96, 99], [97, 96], [97, 98], [111, 112], [111, 116], [112, 111], [112, 113], [157, 158], [157, 162], [159, 160], [159, 163]], "missing_branches": [], "functions": {"Patron.__init__": {"executed_lines": [34, 35, 36, 37, 38, 39, 40, 41], "summary": {"covered_lines": 8, "num_statements": 8, "percent_covered": 100.0, "percent_covered_display": "100", "missing_lines": 0, "excluded_lines": 0, "num_branches": 0, "num_partial_branches": 0, "covered_branches": 0, "missing_branches": 0}, "missing_lines": [], "excluded_lines": [], "executed_branches": [], "missing_branches": []}, "Patron.get_type": {"executed_lines": [50, 51, 52, 53, 54], "summary": {"covered_lines": 5, "num_statements": 5, "percent_covered": 100.0, "percent_covered_display": "100", "missing_lines": 0, "excluded_lines": 0, "num_branches": 4, "num_partial_branches": 0, "covered_branches": 4, "missing_branches": 0}, "missing_lines": [], "excluded_lines": [], "executed_branches": [[50, 51], [50, 52], [52, 53], [52, 54]], "missing_branches": []}, "Patron.add_loan": {"executed_lines": [64, 65, 66, 67], "summary": {"covered_lines": 4, "num_statements": 4, "percent_covered": 100.0, "percent_covered_display": "100", "missing_lines": 0, "excluded_lines": 0, "num_branches": 0, "num_partial_branches": 0, "covered_branches": 0, "missing_branches": 0}, "missing_lines": [], "excluded_lines": [], "executed_branches": [], "missing_branches": []}, "Patron.return_item": {"executed_lines": [79, 80, 81, 82, 83, 84], "summary": {"covered_lines": 6, "num_statements": 6, "percent_covered": 100.0, "percent_covered_display": "100", "missing_lines": 0, "excluded_lines": 0, "num_branches": 4, "num_partial_branches": 0, "covered_branches": 4, "missing_branches": 0}, "missing_lines": [], "excluded_lines": [], "executed_branches": [[79, 80], [79, 84], [80, 79], [80, 81]], "missing_branches": []}, "Patron.has_item": {"executed_lines": [96, 97, 98, 99], "summary": {"covered_lines": 4, "num_statements": 4, "percent_covered": 100.0, "percent_covered_display": "100", "missing_lines": 0, "excluded_lines": 0, "num_branches": 4, "num_partial_branches": 0, "covered_branches": 4, "missing_branches": 0}, "missing_lines": [], "excluded_lines": [], "executed_branches": [[96, 97], [96, 99], [97, 96], [97, 98]], "missing_branches": []}, "Patron.calculate_overdue_fees": {"executed_lines": [108, 109, 111, 112, 113, 114, 116], "summary": {"covered_lines": 7, "num_statements": 7, "percent_covered": 100.0, "percent_covered_display": "100", "missing_lines": 0, "excluded_lines": 0, "num_branches": 4, "num_partial_branches": 0, "covered_branches": 4, "missing_branches": 0}, "missing_lines": [], "excluded_lines": [], "executed_branches": [[111, 112], [111, 116], [112, 111], [112, 113]], "missing_branches": []}, "Patron.add_fee": {"executed_lines": [125], "summary": {"covered_lines": 1, "num_statements": 1, "percent_covered": 100.0, "percent_covered_display": "100", "missing_lines": 0, "excluded_lines": 0, "num_branches": 0, "num_partial_branches": 0, "covered_branches": 0, "missing_branches": 0}, "missing_lines": [], "excluded_lines": [], "executed_branches": [], "missing_branches": []}, "Patron.pay_fee": {"executed_lines": [137, 138, 139], "summary": {"covered_lines": 3, "num_statements": 3, "percent_covered": 100.0, "percent_covered_display": "100", "missing_lines": 0, "excluded_lines": 0, "num_branches": 0, "num_partial_branches": 0, "covered_branches": 0, "missing_branches": 0}, "missing_lines": [], "excluded_lines": [], "executed_branches": [], "missing_branches": []}, "Patron.__str__": {"executed_lines": [143, 144], "summary": {"covered_lines": 2, "num_statements": 2, "percent_covered": 100.0, "percent_covered_display": "100", "missing_lines": 0, "excluded_lines": 0, "num_branches": 0, "num_partial_branches": 0, "covered_branches": 0, "missing_branches": 0}, "missing_lines": [], "excluded_lines": [], "executed_branches": [], "missing_branches": []}, "Patron.to_full_string": {"executed_lines": [156, 157, 158, 159, 160, 162, 163], "summary": {"covered_lines": 7, "num_statements": 7, "percent_covered": 100.0, "percent_covered_display": "100", "missing_lines": 0, "excluded_lines": 0, "num_branches": 4, "num_partial_branches": 0, "covered_branches": 4, "missing_branches": 0}, "missing_lines": [], "excluded_lines": [], "executed_branches": [[157, 158], [157, 162], [159, 160], [159, 163]], "missing_branches": []}, "": {"executed_lines": [1, 4, 5, 6, 9, 10, 16, 43, 56, 69, 86, 101, 118, 127, 141, 149], "summary": {"covered_lines": 14, "num_statements": 14, "percent_covered": 100.0, "percent_covered_display": "100", "missing_lines": 0, "excluded_lines": 0, "num_branches": 0, "num_partial_branches": 0, "covered_branches": 0, "missing_branches": 0}, "missing_lines": [], "excluded_lines": [], "executed_branches": [], "missing_branches": []}}, "classes": {"Patron": {"executed_lines": [34, 35, 36, 37, 38, 39, 40, 41, 50, 51, 52, 53, 54, 64, 65, 66, 67, 79, 80, 81, 82, 83, 84, 96, 97, 98, 99, 108, 109, 111, 112, 113, 114, 116, 125, 137, 138, 139, 143, 144, 156, 157, 158, 159, 160, 162, 163], "summary": {"covered_lines": 47, "num_statements": 47, "percent_covered": 100.0, "percent_covered_display": "100", "missing_lines": 0, "excluded_lines": 0, "num_branches": 20, "num_partial_branches": 0, "covered_branches": 20, "missing_branches": 0}, "missing_lines": [], "excluded_lines": [], "executed_branches": [[50, 51], [50, 52], [52, 53], [52, 54], [79, 80], [79, 84], [80, 79], [80, 81], [96, 97], [96, 99], [97, 96], [97, 98], [111, 112], [111, 116], [112, 111], [112, 113], [157, 158], [157, 162], [159, 160], [159, 163]], "missing_branches": []}, "": {"executed_lines": [1, 4, 5, 6, 9, 10, 16, 43, 56, 69, 86, 101, 118, 127, 141, 149], "summary": {"covered_lines": 14, "num_statements": 14, "percent_covered": 100.0, "percent_covered_display": "100", "missing_lines": 0, "excluded_lines": 0, "num_branches": 0, "num_partial_branches": 0, "covered_branches": 0, "missing_branches": 0}, "missing_lines": [], "excluded_lines": [], "executed_branches": [], "missing_branches": []}}}, "tests/test_borrowable_item_and_loan.py": {"executed_lines": [1, 5, 6, 7, 8, 11, 12, 16, 18, 20, 21, 22, 23, 24, 25, 27, 29, 38, 39, 40, 41, 42, 43, 47, 49, 51, 53, 55, 57, 59, 61, 63, 65, 67, 69, 71, 73, 75, 79, 81, 83, 85, 86, 87, 88, 89, 91, 93, 95, 97, 99, 101, 103, 105, 108, 109, 113, 115, 116, 118, 120, 121, 125, 127, 128, 130, 131, 133, 134, 135, 137, 139, 140, 142, 143, 145, 146, 150, 152, 153, 155, 156, 158, 159, 160, 162, 164, 165, 167, 168, 170, 171, 172, 174, 176, 177, 179, 180, 182, 183, 184, 187], "summary": {"covered_lines": 99, "num_statements": 100, "percent_covered": 98.03921568627452, "percent_covered_display": "98", "missing_lines": 1, "excluded_lines": 0, "num_branches": 2, "num_partial_branches": 1, "covered_branches": 1, "missing_branches": 1}, "missing_lines": [188], "excluded_lines": [], "executed_branches": [[187, -1]], "missing_branches": [[187, 188]], "functions": {"TestBorrowableItem.test_initialization_defaults": {"executed_lines": [18, 20, 21, 22, 23, 24, 25], "summary": {"covered_lines": 7, "num_statements": 7, "percent_covered": 100.0, "percent_covered_display": "100", "missing_lines": 0, "excluded_lines": 0, "num_branches": 0, "num_partial_branches": 0, "covered_branches": 0, "missing_branches": 0}, "missing_lines": [], "excluded_lines": [], "executed_branches": [], "missing_branches": []}, "TestBorrowableItem.test_initialization_full_parameters": {"executed_lines": [29, 38, 39, 40, 41, 42, 43], "summary": {"covered_lines": 7, "num_statements": 7, "percent_covered": 100.0, "percent_covered_display": "100", "missing_lines": 0, "excluded_lines": 0, "num_branches": 0, "num_partial_branches": 0, "covered_branches": 0, "missing_branches": 0}, "missing_lines": [], "excluded_lines": [], "executed_branches": [], "missing_branches": []}, "TestBorrowableItem.test_is_available_true": {"executed_lines": [49, 51], "summary": {"covered_lines": 2, "num_statements": 2, "percent_covered": 100.0, "percent_covered_display": "100", "missing_lines": 0, "excluded_lines": 0, "num_branches": 0, "num_partial_branches": 0, "covered_branches": 0, "missing_branches": 0}, "missing_lines": [], "excluded_lines": [], "executed_branches": [], "missing_branches": []}, "TestBorrowableItem.test_is_available_true_none_on_loan": {"executed_lines": [55, 57], "summary": {"covered_lines": 2, "num_statements": 2, "percent_covered": 100.0, "percent_covered_display": "100", "missing_lines": 0, "excluded_lines": 0, "num_branches": 0, "num_partial_branches": 0, "covered_branches": 0, "missing_branches": 0}, "missing_lines": [], "excluded_lines": [], "executed_branches": [], "missing_branches": []}, "TestBorrowableItem.test_is_available_false": {"executed_lines": [61, 63], "summary": {"covered_lines": 2, "num_statements": 2, "percent_covered": 100.0, "percent_covered_display": "100", "missing_lines": 0, "excluded_lines": 0, "num_branches": 0, "num_partial_branches": 0, "covered_branches": 0, "missing_branches": 0}, "missing_lines": [], "excluded_lines": [], "executed_branches": [], "missing_branches": []}, "TestBorrowableItem.test_is_available_false_exceeded": {"executed_lines": [67, 69], "summary": {"covered_lines": 2, "num_statements": 2, "percent_covered": 100.0, "percent_covered_display": "100", "missing_lines": 0, "excluded_lines": 0, "num_branches": 0, "num_partial_branches": 0, "covered_branches": 0, "missing_branches": 0}, "missing_lines": [], "excluded_lines": [], "executed_branches": [], "missing_branches": []}, "TestBorrowableItem.test_is_available_boundary": {"executed_lines": [73, 75], "summary": {"covered_lines": 2, "num_statements": 2, "percent_covered": 100.0, "percent_covered_display": "100", "missing_lines": 0, "excluded_lines": 0, "num_branches": 0, "num_partial_branches": 0, "covered_branches": 0, "missing_branches": 0}, "missing_lines": [], "excluded_lines": [], "executed_branches": [], "missing_branches": []}, "TestBorrowableItem.test_str_representation": {"executed_lines": [81, 83, 85, 86, 87, 88, 89], "summary": {"covered_lines": 7, "num_statements": 7, "percent_covered": 100.0, "percent_covered_display": "100", "missing_lines": 0, "excluded_lines": 0, "num_branches": 0, "num_partial_branches": 0, "covered_branches": 0, "missing_branches": 0}, "missing_lines": [], "excluded_lines": [], "executed_branches": [], "missing_branches": []}, "TestBorrowableItem.test_str_all_available": {"executed_lines": [93, 95, 97], "summary": {"covered_lines": 3, "num_statements": 3, "percent_covered": 100.0, "percent_covered_display": "100", "missing_lines": 0, "excluded_lines": 0, "num_branches": 0, "num_partial_branches": 0, "covered_branches": 0, "missing_branches": 0}, "missing_lines": [], "excluded_lines": [], "executed_branches": [], "missing_branches": []}, "TestBorrowableItem.test_str_none_available": {"executed_lines": [101, 103, 105], "summary": {"covered_lines": 3, "num_statements": 3, "percent_covered": 100.0, "percent_covered_display": "100", "missing_lines": 0, "excluded_lines": 0, "num_branches": 0, "num_partial_branches": 0, "covered_branches": 0, "missing_branches": 0}, "missing_lines": [], "excluded_lines": [], "executed_branches": [], "missing_branches": []}, "TestLoan.test_initialization": {"executed_lines": [115, 116, 118, 120, 121], "summary": {"covered_lines": 5, "num_statements": 5, "percent_covered": 100.0, "percent_covered_display": "100", "missing_lines": 0, "excluded_lines": 0, "num_branches": 0, "num_partial_branches": 0, "covered_branches": 0, "missing_branches": 0}, "missing_lines": [], "excluded_lines": [], "executed_branches": [], "missing_branches": []}, "TestLoan.test_str_not_overdue": {"executed_lines": [127, 128, 130, 131, 133, 134, 135], "summary": {"covered_lines": 7, "num_statements": 7, "percent_covered": 100.0, "percent_covered_display": "100", "missing_lines": 0, "excluded_lines": 0, "num_branches": 0, "num_partial_branches": 0, "covered_branches": 0, "missing_branches": 0}, "missing_lines": [], "excluded_lines": [], "executed_branches": [], "missing_branches": []}, "TestLoan.test_str_due_today": {"executed_lines": [139, 140, 142, 143, 145, 146], "summary": {"covered_lines": 6, "num_statements": 6, "percent_covered": 100.0, "percent_covered_display": "100", "missing_lines": 0, "excluded_lines": 0, "num_branches": 0, "num_partial_branches": 0, "covered_branches": 0, "missing_branches": 0}, "missing_lines": [], "excluded_lines": [], "executed_branches": [], "missing_branches": []}, "TestLoan.test_str_overdue_one_day": {"executed_lines": [152, 153, 155, 156, 158, 159, 160], "summary": {"covered_lines": 7, "num_statements": 7, "percent_covered": 100.0, "percent_covered_display": "100", "missing_lines": 0, "excluded_lines": 0, "num_branches": 0, "num_partial_branches": 0, "covered_branches": 0, "missing_branches": 0}, "missing_lines": [], "excluded_lines": [], "executed_branches": [], "missing_branches": []}, "TestLoan.test_str_overdue_multiple_days": {"executed_lines": [164, 165, 167, 168, 170, 171, 172], "summary": {"covered_lines": 7, "num_statements": 7, "percent_covered": 100.0, "percent_covered_display": "100", "missing_lines": 0, "excluded_lines": 0, "num_branches": 0, "num_partial_branches": 0, "covered_branches": 0, "missing_branches": 0}, "missing_lines": [], "excluded_lines": [], "executed_branches": [], "missing_branches": []}, "TestLoan.test_str_overdue_many_days": {"executed_lines": [176, 177, 179, 180, 182, 183, 184], "summary": {"covered_lines": 7, "num_statements": 7, "percent_covered": 100.0, "percent_covered_display": "100", "missing_lines": 0, "excluded_lines": 0, "num_branches": 0, "num_partial_branches": 0, "covered_branches": 0, "missing_branches": 0}, "missing_lines": [], "excluded_lines": [], "executed_branches": [], "missing_branches": []}, "": {"executed_lines": [1, 5, 6, 7, 8, 11, 12, 16, 27, 47, 53, 59, 65, 71, 79, 91, 99, 108, 109, 113, 125, 137, 150, 162, 174, 187], "summary": {"covered_lines": 23, "num_statements": 24, "percent_covered": 92.3076923076923, "percent_covered_display": "92", "missing_lines": 1, "excluded_lines": 0, "num_branches": 2, "num_partial_branches": 1, "covered_branches": 1, "missing_branches": 1}, "missing_lines": [188], "excluded_lines": [], "executed_branches": [[187, -1]], "missing_branches": [[187, 188]]}}, "classes": {"TestBorrowableItem": {"executed_lines": [18, 20, 21, 22, 23, 24, 25, 29, 38, 39, 40, 41, 42, 43, 49, 51, 55, 57, 61, 63, 67, 69, 73, 75, 81, 83, 85, 86, 87, 88, 89, 93, 95, 97, 101, 103, 105], "summary": {"covered_lines": 37, "num_statements": 37, "percent_covered": 100.0, "percent_covered_display": "100", "missing_lines": 0, "excluded_lines": 0, "num_branches": 0, "num_partial_branches": 0, "covered_branches": 0, "missing_branches": 0}, "missing_lines": [], "excluded_lines": [], "executed_branches": [], "missing_branches": []}, "TestLoan": {"executed_lines": [115, 116, 118, 120, 121, 127, 128, 130, 131, 133, 134, 135, 139, 140, 142, 143, 145, 146, 152, 153, 155, 156, 158, 159, 160, 164, 165, 167, 168, 170, 171, 172, 176, 177, 179, 180, 182, 183, 184], "summary": {"covered_lines": 39, "num_statements": 39, "percent_covered": 100.0, "percent_covered_display": "100", "missing_lines": 0, "excluded_lines": 0, "num_branches": 0, "num_partial_branches": 0, "covered_branches": 0, "missing_branches": 0}, "missing_lines": [], "excluded_lines": [], "executed_branches": [], "missing_branches": []}, "": {"executed_lines": [1, 5, 6, 7, 8, 11, 12, 16, 27, 47, 53, 59, 65, 71, 79, 91, 99, 108, 109, 113, 125, 137, 150, 162, 174, 187], "summary": {"covered_lines": 23, "num_statements": 24, "percent_covered": 92.3076923076923, "percent_covered_display": "92", "missing_lines": 1, "excluded_lines": 0, "num_branches": 2, "num_partial_branches": 1, "covered_branches": 1, "missing_branches": 1}, "missing_lines": [188], "excluded_lines": [], "executed_branches": [[187, -1]], "missing_branches": [[187, 188]]}}}, "tests/test_business_logic.py": {"executed_lines": [1, 6, 7, 8, 9, 10, 11, 14, 15, 17, 19, 23, 25, 26, 27, 28, 30, 32, 33, 34, 35, 36, 38, 40, 41, 44, 45, 46, 48, 49, 50, 52, 54, 55, 58, 59, 60, 62, 63, 64, 66, 68, 69, 72, 73, 74, 76, 77, 78, 80, 82, 83, 85, 86, 87, 89, 91, 92, 94, 95, 96, 98, 100, 101, 103, 104, 105, 107, 109, 110, 112, 113, 114, 116, 118, 119, 121, 122, 123, 125, 127, 128, 130, 131, 132, 134, 136, 137, 138, 140, 142, 143, 144, 146, 148, 149, 153, 154, 155, 157, 159, 160, 162, 163, 164, 166, 168, 169, 171, 172, 173, 175, 177, 178, 180, 181, 182, 186, 188, 189, 191, 193, 194, 196, 198, 199, 201, 203, 204, 206, 208, 209, 211, 213, 214, 216, 218, 219, 221, 223, 224, 226, 228, 229, 233, 235, 236, 238, 239, 240, 242, 244, 245, 247, 248, 250, 252, 253, 254, 255, 259, 261, 263, 264, 265, 267, 269, 270, 271, 273, 274, 275, 279, 281, 283, 284, 285, 286, 288, 290, 291, 292, 294, 295, 296, 297, 299, 301, 302, 305, 306, 307, 308, 310, 312, 313, 314, 315, 316, 320, 322, 324, 325, 326, 328, 330, 332, 333, 334, 336, 338, 340, 341, 342, 345], "summary": {"covered_lines": 213, "num_statements": 214, "percent_covered": 99.09909909909909, "percent_covered_display": "99", "missing_lines": 1, "excluded_lines": 0, "num_branches": 8, "num_partial_branches": 1, "covered_branches": 7, "missing_branches": 1}, "missing_lines": [346], "excluded_lines": [], "executed_branches": [[44, 45], [44, 48], [58, 59], [58, 62], [72, 73], [72, 76], [345, -1]], "missing_branches": [[345, 346]], "functions": {"TestBusinessLogic.setUp": {"executed_lines": [19], "summary": {"covered_lines": 1, "num_statements": 1, "percent_covered": 100.0, "percent_covered_display": "100", "missing_lines": 0, "excluded_lines": 0, "num_branches": 0, "num_partial_branches": 0, "covered_branches": 0, "missing_branches": 0}, "missing_lines": [], "excluded_lines": [], "executed_branches": [], "missing_branches": []}, "TestBusinessLogic.test_check_loan_allowed_invalid_item": {"executed_lines": [25, 26, 27, 28], "summary": {"covered_lines": 4, "num_statements": 4, "percent_covered": 100.0, "percent_covered_display": "100", "missing_lines": 0, "excluded_lines": 0, "num_branches": 0, "num_partial_branches": 0, "covered_branches": 0, "missing_branches": 0}, "missing_lines": [], "excluded_lines": [], "executed_branches": [], "missing_branches": []}, "TestBusinessLogic.test_check_loan_allowed_no_copies_available": {"executed_lines": [32, 33, 34, 35, 36], "summary": {"covered_lines": 5, "num_statements": 5, "percent_covered": 100.0, "percent_covered_display": "100", "missing_lines": 0, "excluded_lines": 0, "num_branches": 0, "num_partial_branches": 0, "covered_branches": 0, "missing_branches": 0}, "missing_lines": [], "excluded_lines": [], "executed_branches": [], "missing_branches": []}, "TestBusinessLogic.test_check_loan_allowed_minor_loan_limit": {"executed_lines": [40, 41, 44, 45, 46, 48, 49, 50], "summary": {"covered_lines": 8, "num_statements": 8, "percent_covered": 100.0, "percent_covered_display": "100", "missing_lines": 0, "excluded_lines": 0, "num_branches": 2, "num_partial_branches": 0, "covered_branches": 2, "missing_branches": 0}, "missing_lines": [], "excluded_lines": [], "executed_branches": [[44, 45], [44, 48]], "missing_branches": []}, "TestBusinessLogic.test_check_loan_allowed_regular_loan_limit": {"executed_lines": [54, 55, 58, 59, 60, 62, 63, 64], "summary": {"covered_lines": 8, "num_statements": 8, "percent_covered": 100.0, "percent_covered_display": "100", "missing_lines": 0, "excluded_lines": 0, "num_branches": 2, "num_partial_branches": 0, "covered_branches": 2, "missing_branches": 0}, "missing_lines": [], "excluded_lines": [], "executed_branches": [[58, 59], [58, 62]], "missing_branches": []}, "TestBusinessLogic.test_check_loan_allowed_elderly_loan_limit": {"executed_lines": [68, 69, 72, 73, 74, 76, 77, 78], "summary": {"covered_lines": 8, "num_statements": 8, "percent_covered": 100.0, "percent_covered_display": "100", "missing_lines": 0, "excluded_lines": 0, "num_branches": 2, "num_partial_branches": 0, "covered_branches": 2, "missing_branches": 0}, "missing_lines": [], "excluded_lines": [], "executed_branches": [[72, 73], [72, 76]], "missing_branches": []}, "TestBusinessLogic.test_check_loan_allowed_outstanding_fees": {"executed_lines": [82, 83, 85, 86, 87], "summary": {"covered_lines": 5, "num_statements": 5, "percent_covered": 100.0, "percent_covered_display": "100", "missing_lines": 0, "excluded_lines": 0, "num_branches": 0, "num_partial_branches": 0, "covered_branches": 0, "missing_branches": 0}, "missing_lines": [], "excluded_lines": [], "executed_branches": [], "missing_branches": []}, "TestBusinessLogic.test_check_loan_allowed_reference_book": {"executed_lines": [91, 92, 94, 95, 96], "summary": {"covered_lines": 5, "num_statements": 5, "percent_covered": 100.0, "percent_covered_display": "100", "missing_lines": 0, "excluded_lines": 0, "num_branches": 0, "num_partial_branches": 0, "covered_branches": 0, "missing_branches": 0}, "missing_lines": [], "excluded_lines": [], "executed_branches": [], "missing_branches": []}, "TestBusinessLogic.test_check_loan_allowed_minor_gardening_tool": {"executed_lines": [100, 101, 103, 104, 105], "summary": {"covered_lines": 5, "num_statements": 5, "percent_covered": 100.0, "percent_covered_display": "100", "missing_lines": 0, "excluded_lines": 0, "num_branches": 0, "num_partial_branches": 0, "covered_branches": 0, "missing_branches": 0}, "missing_lines": [], "excluded_lines": [], "executed_branches": [], "missing_branches": []}, "TestBusinessLogic.test_check_loan_allowed_minor_carpentry_tool": {"executed_lines": [109, 110, 112, 113, 114], "summary": {"covered_lines": 5, "num_statements": 5, "percent_covered": 100.0, "percent_covered_display": "100", "missing_lines": 0, "excluded_lines": 0, "num_branches": 0, "num_partial_branches": 0, "covered_branches": 0, "missing_branches": 0}, "missing_lines": [], "excluded_lines": [], "executed_branches": [], "missing_branches": []}, "TestBusinessLogic.test_check_loan_allowed_no_gardening_training": {"executed_lines": [118, 119, 121, 122, 123], "summary": {"covered_lines": 5, "num_statements": 5, "percent_covered": 100.0, "percent_covered_display": "100", "missing_lines": 0, "excluded_lines": 0, "num_branches": 0, "num_partial_branches": 0, "covered_branches": 0, "missing_branches": 0}, "missing_lines": [], "excluded_lines": [], "executed_branches": [], "missing_branches": []}, "TestBusinessLogic.test_check_loan_allowed_no_carpentry_training": {"executed_lines": [127, 128, 130, 131, 132], "summary": {"covered_lines": 5, "num_statements": 5, "percent_covered": 100.0, "percent_covered_display": "100", "missing_lines": 0, "excluded_lines": 0, "num_branches": 0, "num_partial_branches": 0, "covered_branches": 0, "missing_branches": 0}, "missing_lines": [], "excluded_lines": [], "executed_branches": [], "missing_branches": []}, "TestBusinessLogic.test_check_loan_allowed_duplicate_item_type": {"executed_lines": [136, 137, 138, 140, 142, 143, 144], "summary": {"covered_lines": 7, "num_statements": 7, "percent_covered": 100.0, "percent_covered_display": "100", "missing_lines": 0, "excluded_lines": 0, "num_branches": 0, "num_partial_branches": 0, "covered_branches": 0, "missing_branches": 0}, "missing_lines": [], "excluded_lines": [], "executed_branches": [], "missing_branches": []}, "TestBusinessLogic.test_check_loan_allowed_laptop_zero_period": {"executed_lines": [148, 149, 153, 154, 155], "summary": {"covered_lines": 5, "num_statements": 5, "percent_covered": 100.0, "percent_covered_display": "100", "missing_lines": 0, "excluded_lines": 0, "num_branches": 0, "num_partial_branches": 0, "covered_branches": 0, "missing_branches": 0}, "missing_lines": [], "excluded_lines": [], "executed_branches": [], "missing_branches": []}, "TestBusinessLogic.test_check_loan_allowed_success_fiction_book": {"executed_lines": [159, 160, 162, 163, 164], "summary": {"covered_lines": 5, "num_statements": 5, "percent_covered": 100.0, "percent_covered_display": "100", "missing_lines": 0, "excluded_lines": 0, "num_branches": 0, "num_partial_branches": 0, "covered_branches": 0, "missing_branches": 0}, "missing_lines": [], "excluded_lines": [], "executed_branches": [], "missing_branches": []}, "TestBusinessLogic.test_check_loan_allowed_success_gardening_tool": {"executed_lines": [168, 169, 171, 172, 173], "summary": {"covered_lines": 5, "num_statements": 5, "percent_covered": 100.0, "percent_covered_display": "100", "missing_lines": 0, "excluded_lines": 0, "num_branches": 0, "num_partial_branches": 0, "covered_branches": 0, "missing_branches": 0}, "missing_lines": [], "excluded_lines": [], "executed_branches": [], "missing_branches": []}, "TestBusinessLogic.test_check_loan_allowed_success_carpentry_tool": {"executed_lines": [177, 178, 180, 181, 182], "summary": {"covered_lines": 5, "num_statements": 5, "percent_covered": 100.0, "percent_covered_display": "100", "missing_lines": 0, "excluded_lines": 0, "num_branches": 0, "num_partial_branches": 0, "covered_branches": 0, "missing_branches": 0}, "missing_lines": [], "excluded_lines": [], "executed_branches": [], "missing_branches": []}, "TestBusinessLogic.test_get_loan_period_fiction_book": {"executed_lines": [188, 189], "summary": {"covered_lines": 2, "num_statements": 2, "percent_covered": 100.0, "percent_covered_display": "100", "missing_lines": 0, "excluded_lines": 0, "num_branches": 0, "num_partial_branches": 0, "covered_branches": 0, "missing_branches": 0}, "missing_lines": [], "excluded_lines": [], "executed_branches": [], "missing_branches": []}, "TestBusinessLogic.test_get_loan_period_nonfiction_book": {"executed_lines": [193, 194], "summary": {"covered_lines": 2, "num_statements": 2, "percent_covered": 100.0, "percent_covered_display": "100", "missing_lines": 0, "excluded_lines": 0, "num_branches": 0, "num_partial_branches": 0, "covered_branches": 0, "missing_branches": 0}, "missing_lines": [], "excluded_lines": [], "executed_branches": [], "missing_branches": []}, "TestBusinessLogic.test_get_loan_period_magazine": {"executed_lines": [198, 199], "summary": {"covered_lines": 2, "num_statements": 2, "percent_covered": 100.0, "percent_covered_display": "100", "missing_lines": 0, "excluded_lines": 0, "num_branches": 0, "num_partial_branches": 0, "covered_branches": 0, "missing_branches": 0}, "missing_lines": [], "excluded_lines": [], "executed_branches": [], "missing_branches": []}, "TestBusinessLogic.test_get_loan_period_dvd": {"executed_lines": [203, 204], "summary": {"covered_lines": 2, "num_statements": 2, "percent_covered": 100.0, "percent_covered_display": "100", "missing_lines": 0, "excluded_lines": 0, "num_branches": 0, "num_partial_branches": 0, "covered_branches": 0, "missing_branches": 0}, "missing_lines": [], "excluded_lines": [], "executed_branches": [], "missing_branches": []}, "TestBusinessLogic.test_get_loan_period_laptop": {"executed_lines": [208, 209], "summary": {"covered_lines": 2, "num_statements": 2, "percent_covered": 100.0, "percent_covered_display": "100", "missing_lines": 0, "excluded_lines": 0, "num_branches": 0, "num_partial_branches": 0, "covered_branches": 0, "missing_branches": 0}, "missing_lines": [], "excluded_lines": [], "executed_branches": [], "missing_branches": []}, "TestBusinessLogic.test_get_loan_period_study_room": {"executed_lines": [213, 214], "summary": {"covered_lines": 2, "num_statements": 2, "percent_covered": 100.0, "percent_covered_display": "100", "missing_lines": 0, "excluded_lines": 0, "num_branches": 0, "num_partial_branches": 0, "covered_branches": 0, "missing_branches": 0}, "missing_lines": [], "excluded_lines": [], "executed_branches": [], "missing_branches": []}, "TestBusinessLogic.test_get_loan_period_gardening_tool": {"executed_lines": [218, 219], "summary": {"covered_lines": 2, "num_statements": 2, "percent_covered": 100.0, "percent_covered_display": "100", "missing_lines": 0, "excluded_lines": 0, "num_branches": 0, "num_partial_branches": 0, "covered_branches": 0, "missing_branches": 0}, "missing_lines": [], "excluded_lines": [], "executed_branches": [], "missing_branches": []}, "TestBusinessLogic.test_get_loan_period_carpentry_tool": {"executed_lines": [223, 224], "summary": {"covered_lines": 2, "num_statements": 2, "percent_covered": 100.0, "percent_covered_display": "100", "missing_lines": 0, "excluded_lines": 0, "num_branches": 0, "num_partial_branches": 0, "covered_branches": 0, "missing_branches": 0}, "missing_lines": [], "excluded_lines": [], "executed_branches": [], "missing_branches": []}, "TestBusinessLogic.test_get_loan_period_unknown_type": {"executed_lines": [228, 229], "summary": {"covered_lines": 2, "num_statements": 2, "percent_covered": 100.0, "percent_covered_display": "100", "missing_lines": 0, "excluded_lines": 0, "num_branches": 0, "num_partial_branches": 0, "covered_branches": 0, "missing_branches": 0}, "missing_lines": [], "excluded_lines": [], "executed_branches": [], "missing_branches": []}, "TestBusinessLogic.test_process_loan_not_allowed": {"executed_lines": [235, 236, 238, 239, 240], "summary": {"covered_lines": 5, "num_statements": 5, "percent_covered": 100.0, "percent_covered_display": "100", "missing_lines": 0, "excluded_lines": 0, "num_branches": 0, "num_partial_branches": 0, "covered_branches": 0, "missing_branches": 0}, "missing_lines": [], "excluded_lines": [], "executed_branches": [], "missing_branches": []}, "TestBusinessLogic.test_process_loan_success": {"executed_lines": [244, 245, 247, 248, 250, 252, 253, 254, 255], "summary": {"covered_lines": 9, "num_statements": 9, "percent_covered": 100.0, "percent_covered_display": "100", "missing_lines": 0, "excluded_lines": 0, "num_branches": 0, "num_partial_branches": 0, "covered_branches": 0, "missing_branches": 0}, "missing_lines": [], "excluded_lines": [], "executed_branches": [], "missing_branches": []}, "TestBusinessLogic.test_check_return_allowed_item_not_on_loan": {"executed_lines": [261, 263, 264, 265], "summary": {"covered_lines": 4, "num_statements": 4, "percent_covered": 100.0, "percent_covered_display": "100", "missing_lines": 0, "excluded_lines": 0, "num_branches": 0, "num_partial_branches": 0, "covered_branches": 0, "missing_branches": 0}, "missing_lines": [], "excluded_lines": [], "executed_branches": [], "missing_branches": []}, "TestBusinessLogic.test_check_return_allowed_success": {"executed_lines": [269, 270, 271, 273, 274, 275], "summary": {"covered_lines": 6, "num_statements": 6, "percent_covered": 100.0, "percent_covered_display": "100", "missing_lines": 0, "excluded_lines": 0, "num_branches": 0, "num_partial_branches": 0, "covered_branches": 0, "missing_branches": 0}, "missing_lines": [], "excluded_lines": [], "executed_branches": [], "missing_branches": []}, "TestBusinessLogic.test_process_return_not_allowed": {"executed_lines": [281, 283, 284, 285, 286], "summary": {"covered_lines": 5, "num_statements": 5, "percent_covered": 100.0, "percent_covered_display": "100", "missing_lines": 0, "excluded_lines": 0, "num_branches": 0, "num_partial_branches": 0, "covered_branches": 0, "missing_branches": 0}, "missing_lines": [], "excluded_lines": [], "executed_branches": [], "missing_branches": []}, "TestBusinessLogic.test_process_return_no_fees": {"executed_lines": [290, 291, 292, 294, 295, 296, 297], "summary": {"covered_lines": 7, "num_statements": 7, "percent_covered": 100.0, "percent_covered_display": "100", "missing_lines": 0, "excluded_lines": 0, "num_branches": 0, "num_partial_branches": 0, "covered_branches": 0, "missing_branches": 0}, "missing_lines": [], "excluded_lines": [], "executed_branches": [], "missing_branches": []}, "TestBusinessLogic.test_process_return_with_fees": {"executed_lines": [301, 302, 305, 306, 307, 308, 310, 312, 313, 314, 315, 316], "summary": {"covered_lines": 12, "num_statements": 12, "percent_covered": 100.0, "percent_covered_display": "100", "missing_lines": 0, "excluded_lines": 0, "num_branches": 0, "num_partial_branches": 0, "covered_branches": 0, "missing_branches": 0}, "missing_lines": [], "excluded_lines": [], "executed_branches": [], "missing_branches": []}, "TestBusinessLogic.test_check_makerspace_access_under_18": {"executed_lines": [322, 324, 325, 326], "summary": {"covered_lines": 4, "num_statements": 4, "percent_covered": 100.0, "percent_covered_display": "100", "missing_lines": 0, "excluded_lines": 0, "num_branches": 0, "num_partial_branches": 0, "covered_branches": 0, "missing_branches": 0}, "missing_lines": [], "excluded_lines": [], "executed_branches": [], "missing_branches": []}, "TestBusinessLogic.test_check_makerspace_access_no_training": {"executed_lines": [330, 332, 333, 334], "summary": {"covered_lines": 4, "num_statements": 4, "percent_covered": 100.0, "percent_covered_display": "100", "missing_lines": 0, "excluded_lines": 0, "num_branches": 0, "num_partial_branches": 0, "covered_branches": 0, "missing_branches": 0}, "missing_lines": [], "excluded_lines": [], "executed_branches": [], "missing_branches": []}, "TestBusinessLogic.test_check_makerspace_access_success": {"executed_lines": [338, 340, 341, 342], "summary": {"covered_lines": 4, "num_statements": 4, "percent_covered": 100.0, "percent_covered_display": "100", "missing_lines": 0, "excluded_lines": 0, "num_branches": 0, "num_partial_branches": 0, "covered_branches": 0, "missing_branches": 0}, "missing_lines": [], "excluded_lines": [], "executed_branches": [], "missing_branches": []}, "": {"executed_lines": [1, 6, 7, 8, 9, 10, 11, 14, 15, 17, 23, 30, 38, 52, 66, 80, 89, 98, 107, 116, 125, 134, 146, 157, 166, 175, 186, 191, 196, 201, 206, 211, 216, 221, 226, 233, 242, 259, 267, 279, 288, 299, 320, 328, 336, 345], "summary": {"covered_lines": 44, "num_statements": 45, "percent_covered": 95.74468085106383, "percent_covered_display": "96", "missing_lines": 1, "excluded_lines": 0, "num_branches": 2, "num_partial_branches": 1, "covered_branches": 1, "missing_branches": 1}, "missing_lines": [346], "excluded_lines": [], "executed_branches": [[345, -1]], "missing_branches": [[345, 346]]}}, "classes": {"TestBusinessLogic": {"executed_lines": [19, 25, 26, 27, 28, 32, 33, 34, 35, 36, 40, 41, 44, 45, 46, 48, 49, 50, 54, 55, 58, 59, 60, 62, 63, 64, 68, 69, 72, 73, 74, 76, 77, 78, 82, 83, 85, 86, 87, 91, 92, 94, 95, 96, 100, 101, 103, 104, 105, 109, 110, 112, 113, 114, 118, 119, 121, 122, 123, 127, 128, 130, 131, 132, 136, 137, 138, 140, 142, 143, 144, 148, 149, 153, 154, 155, 159, 160, 162, 163, 164, 168, 169, 171, 172, 173, 177, 178, 180, 181, 182, 188, 189, 193, 194, 198, 199, 203, 204, 208, 209, 213, 214, 218, 219, 223, 224, 228, 229, 235, 236, 238, 239, 240, 244, 245, 247, 248, 250, 252, 253, 254, 255, 261, 263, 264, 265, 269, 270, 271, 273, 274, 275, 281, 283, 284, 285, 286, 290, 291, 292, 294, 295, 296, 297, 301, 302, 305, 306, 307, 308, 310, 312, 313, 314, 315, 316, 322, 324, 325, 326, 330, 332, 333, 334, 338, 340, 341, 342], "summary": {"covered_lines": 169, "num_statements": 169, "percent_covered": 100.0, "percent_covered_display": "100", "missing_lines": 0, "excluded_lines": 0, "num_branches": 6, "num_partial_branches": 0, "covered_branches": 6, "missing_branches": 0}, "missing_lines": [], "excluded_lines": [], "executed_branches": [[44, 45], [44, 48], [58, 59], [58, 62], [72, 73], [72, 76]], "missing_branches": []}, "": {"executed_lines": [1, 6, 7, 8, 9, 10, 11, 14, 15, 17, 23, 30, 38, 52, 66, 80, 89, 98, 107, 116, 125, 134, 146, 157, 166, 175, 186, 191, 196, 201, 206, 211, 216, 221, 226, 233, 242, 259, 267, 279, 288, 299, 320, 328, 336, 345], "summary": {"covered_lines": 44, "num_statements": 45, "percent_covered": 95.74468085106383, "percent_covered_display": "96", "missing_lines": 1, "excluded_lines": 0, "num_branches": 2, "num_partial_branches": 1, "covered_branches": 1, "missing_branches": 1}, "missing_lines": [346], "excluded_lines": [], "executed_branches": [[345, -1]], "missing_branches": [[345, 346]]}}}, "tests/test_patron.py": {"executed_lines": [1, 6, 7, 8, 9, 10, 13, 14, 18, 20, 21, 23, 24, 26, 27, 29, 31, 32, 34, 35, 37, 38, 40, 42, 43, 45, 46, 48, 49, 53, 55, 56, 58, 59, 61, 63, 64, 65, 68, 69, 71, 73, 74, 76, 79, 80, 82, 84, 85, 86, 88, 89, 91, 92, 93, 97, 99, 100, 102, 103, 105, 107, 108, 109, 111, 113, 114, 116, 118, 120, 121, 123, 125, 126, 127, 128, 130, 131, 132, 134, 136, 137, 138, 139, 140, 144, 146, 147, 149, 151, 153, 155, 156, 158, 160, 162, 164, 166, 170, 172, 174, 175, 177, 179, 180, 182, 184, 185, 187, 189, 190, 193, 194, 195, 197, 198, 200, 202, 203, 206, 207, 208, 210, 211, 213, 215, 216, 217, 220, 221, 222, 225, 226, 227, 229, 230, 232, 234, 235, 236, 239, 240, 241, 244, 245, 246, 248, 249, 253, 255, 257, 258, 260, 262, 264, 265, 269, 271, 273, 275, 276, 278, 280, 282, 284, 285, 287, 289, 291, 293, 294, 298, 300, 302, 304, 305, 306, 307, 308, 310, 312, 313, 314, 316, 318, 322, 324, 326, 328, 329, 331, 333, 334, 335, 337, 338, 340, 342, 343, 348, 350, 360, 361, 362, 363, 364, 365, 366, 367, 369, 371, 373, 374, 375, 376, 379], "summary": {"covered_lines": 214, "num_statements": 215, "percent_covered": 99.07834101382488, "percent_covered_display": "99", "missing_lines": 1, "excluded_lines": 0, "num_branches": 2, "num_partial_branches": 1, "covered_branches": 1, "missing_branches": 1}, "missing_lines": [380], "excluded_lines": [], "executed_branches": [[379, -1]], "missing_branches": [[379, 380]], "functions": {"TestPatron.test_get_type_minor": {"executed_lines": [20, 21, 23, 24, 26, 27], "summary": {"covered_lines": 6, "num_statements": 6, "percent_covered": 100.0, "percent_covered_display": "100", "missing_lines": 0, "excluded_lines": 0, "num_branches": 0, "num_partial_branches": 0, "covered_branches": 0, "missing_branches": 0}, "missing_lines": [], "excluded_lines": [], "executed_branches": [], "missing_branches": []}, "TestPatron.test_get_type_regular": {"executed_lines": [31, 32, 34, 35, 37, 38], "summary": {"covered_lines": 6, "num_statements": 6, "percent_covered": 100.0, "percent_covered_display": "100", "missing_lines": 0, "excluded_lines": 0, "num_branches": 0, "num_partial_branches": 0, "covered_branches": 0, "missing_branches": 0}, "missing_lines": [], "excluded_lines": [], "executed_branches": [], "missing_branches": []}, "TestPatron.test_get_type_elderly": {"executed_lines": [42, 43, 45, 46, 48, 49], "summary": {"covered_lines": 6, "num_statements": 6, "percent_covered": 100.0, "percent_covered_display": "100", "missing_lines": 0, "excluded_lines": 0, "num_branches": 0, "num_partial_branches": 0, "covered_branches": 0, "missing_branches": 0}, "missing_lines": [], "excluded_lines": [], "executed_branches": [], "missing_branches": []}, "TestPatron.test_add_loan_default_period": {"executed_lines": [55, 56, 58, 59, 61, 63, 64, 65, 68, 69], "summary": {"covered_lines": 10, "num_statements": 10, "percent_covered": 100.0, "percent_covered_display": "100", "missing_lines": 0, "excluded_lines": 0, "num_branches": 0, "num_partial_branches": 0, "covered_branches": 0, "missing_branches": 0}, "missing_lines": [], "excluded_lines": [], "executed_branches": [], "missing_branches": []}, "TestPatron.test_add_loan_custom_period": {"executed_lines": [73, 74, 76, 79, 80], "summary": {"covered_lines": 5, "num_statements": 5, "percent_covered": 100.0, "percent_covered_display": "100", "missing_lines": 0, "excluded_lines": 0, "num_branches": 0, "num_partial_branches": 0, "covered_branches": 0, "missing_branches": 0}, "missing_lines": [], "excluded_lines": [], "executed_branches": [], "missing_branches": []}, "TestPatron.test_add_loan_multiple_items": {"executed_lines": [84, 85, 86, 88, 89, 91, 92, 93], "summary": {"covered_lines": 8, "num_statements": 8, "percent_covered": 100.0, "percent_covered_display": "100", "missing_lines": 0, "excluded_lines": 0, "num_branches": 0, "num_partial_branches": 0, "covered_branches": 0, "missing_branches": 0}, "missing_lines": [], "excluded_lines": [], "executed_branches": [], "missing_branches": []}, "TestPatron.test_return_item_success": {"executed_lines": [99, 100, 102, 103, 105, 107, 108, 109], "summary": {"covered_lines": 8, "num_statements": 8, "percent_covered": 100.0, "percent_covered_display": "100", "missing_lines": 0, "excluded_lines": 0, "num_branches": 0, "num_partial_branches": 0, "covered_branches": 0, "missing_branches": 0}, "missing_lines": [], "excluded_lines": [], "executed_branches": [], "missing_branches": []}, "TestPatron.test_return_item_not_found": {"executed_lines": [113, 114, 116, 118, 120, 121], "summary": {"covered_lines": 6, "num_statements": 6, "percent_covered": 100.0, "percent_covered_display": "100", "missing_lines": 0, "excluded_lines": 0, "num_branches": 0, "num_partial_branches": 0, "covered_branches": 0, "missing_branches": 0}, "missing_lines": [], "excluded_lines": [], "executed_branches": [], "missing_branches": []}, "TestPatron.test_return_item_multiple_loans": {"executed_lines": [125, 126, 127, 128, 130, 131, 132, 134, 136, 137, 138, 139, 140], "summary": {"covered_lines": 13, "num_statements": 13, "percent_covered": 100.0, "percent_covered_display": "100", "missing_lines": 0, "excluded_lines": 0, "num_branches": 0, "num_partial_branches": 0, "covered_branches": 0, "missing_branches": 0}, "missing_lines": [], "excluded_lines": [], "executed_branches": [], "missing_branches": []}, "TestPatron.test_has_item_true": {"executed_lines": [146, 147, 149, 151], "summary": {"covered_lines": 4, "num_statements": 4, "percent_covered": 100.0, "percent_covered_display": "100", "missing_lines": 0, "excluded_lines": 0, "num_branches": 0, "num_partial_branches": 0, "covered_branches": 0, "missing_branches": 0}, "missing_lines": [], "excluded_lines": [], "executed_branches": [], "missing_branches": []}, "TestPatron.test_has_item_false": {"executed_lines": [155, 156, 158, 160], "summary": {"covered_lines": 4, "num_statements": 4, "percent_covered": 100.0, "percent_covered_display": "100", "missing_lines": 0, "excluded_lines": 0, "num_branches": 0, "num_partial_branches": 0, "covered_branches": 0, "missing_branches": 0}, "missing_lines": [], "excluded_lines": [], "executed_branches": [], "missing_branches": []}, "TestPatron.test_has_item_empty_loans": {"executed_lines": [164, 166], "summary": {"covered_lines": 2, "num_statements": 2, "percent_covered": 100.0, "percent_covered_display": "100", "missing_lines": 0, "excluded_lines": 0, "num_branches": 0, "num_partial_branches": 0, "covered_branches": 0, "missing_branches": 0}, "missing_lines": [], "excluded_lines": [], "executed_branches": [], "missing_branches": []}, "TestPatron.test_calculate_overdue_fees_no_loans": {"executed_lines": [172, 174, 175], "summary": {"covered_lines": 3, "num_statements": 3, "percent_covered": 100.0, "percent_covered_display": "100", "missing_lines": 0, "excluded_lines": 0, "num_branches": 0, "num_partial_branches": 0, "covered_branches": 0, "missing_branches": 0}, "missing_lines": [], "excluded_lines": [], "executed_branches": [], "missing_branches": []}, "TestPatron.test_calculate_overdue_fees_not_overdue": {"executed_lines": [179, 180, 182, 184, 185], "summary": {"covered_lines": 5, "num_statements": 5, "percent_covered": 100.0, "percent_covered_display": "100", "missing_lines": 0, "excluded_lines": 0, "num_branches": 0, "num_partial_branches": 0, "covered_branches": 0, "missing_branches": 0}, "missing_lines": [], "excluded_lines": [], "executed_branches": [], "missing_branches": []}, "TestPatron.test_calculate_overdue_fees_one_day": {"executed_lines": [189, 190, 193, 194, 195, 197, 198], "summary": {"covered_lines": 7, "num_statements": 7, "percent_covered": 100.0, "percent_covered_display": "100", "missing_lines": 0, "excluded_lines": 0, "num_branches": 0, "num_partial_branches": 0, "covered_branches": 0, "missing_branches": 0}, "missing_lines": [], "excluded_lines": [], "executed_branches": [], "missing_branches": []}, "TestPatron.test_calculate_overdue_fees_multiple_days": {"executed_lines": [202, 203, 206, 207, 208, 210, 211], "summary": {"covered_lines": 7, "num_statements": 7, "percent_covered": 100.0, "percent_covered_display": "100", "missing_lines": 0, "excluded_lines": 0, "num_branches": 0, "num_partial_branches": 0, "covered_branches": 0, "missing_branches": 0}, "missing_lines": [], "excluded_lines": [], "executed_branches": [], "missing_branches": []}, "TestPatron.test_calculate_overdue_fees_multiple_loans": {"executed_lines": [215, 216, 217, 220, 221, 222, 225, 226, 227, 229, 230], "summary": {"covered_lines": 11, "num_statements": 11, "percent_covered": 100.0, "percent_covered_display": "100", "missing_lines": 0, "excluded_lines": 0, "num_branches": 0, "num_partial_branches": 0, "covered_branches": 0, "missing_branches": 0}, "missing_lines": [], "excluded_lines": [], "executed_branches": [], "missing_branches": []}, "TestPatron.test_calculate_overdue_fees_mixed_loans": {"executed_lines": [234, 235, 236, 239, 240, 241, 244, 245, 246, 248, 249], "summary": {"covered_lines": 11, "num_statements": 11, "percent_covered": 100.0, "percent_covered_display": "100", "missing_lines": 0, "excluded_lines": 0, "num_branches": 0, "num_partial_branches": 0, "covered_branches": 0, "missing_branches": 0}, "missing_lines": [], "excluded_lines": [], "executed_branches": [], "missing_branches": []}, "TestPatron.test_add_fee": {"executed_lines": [255, 257, 258], "summary": {"covered_lines": 3, "num_statements": 3, "percent_covered": 100.0, "percent_covered_display": "100", "missing_lines": 0, "excluded_lines": 0, "num_branches": 0, "num_partial_branches": 0, "covered_branches": 0, "missing_branches": 0}, "missing_lines": [], "excluded_lines": [], "executed_branches": [], "missing_branches": []}, "TestPatron.test_add_fee_zero_initial": {"executed_lines": [262, 264, 265], "summary": {"covered_lines": 3, "num_statements": 3, "percent_covered": 100.0, "percent_covered_display": "100", "missing_lines": 0, "excluded_lines": 0, "num_branches": 0, "num_partial_branches": 0, "covered_branches": 0, "missing_branches": 0}, "missing_lines": [], "excluded_lines": [], "executed_branches": [], "missing_branches": []}, "TestPatron.test_pay_fee_partial": {"executed_lines": [271, 273, 275, 276], "summary": {"covered_lines": 4, "num_statements": 4, "percent_covered": 100.0, "percent_covered_display": "100", "missing_lines": 0, "excluded_lines": 0, "num_branches": 0, "num_partial_branches": 0, "covered_branches": 0, "missing_branches": 0}, "missing_lines": [], "excluded_lines": [], "executed_branches": [], "missing_branches": []}, "TestPatron.test_pay_fee_full": {"executed_lines": [280, 282, 284, 285], "summary": {"covered_lines": 4, "num_statements": 4, "percent_covered": 100.0, "percent_covered_display": "100", "missing_lines": 0, "excluded_lines": 0, "num_branches": 0, "num_partial_branches": 0, "covered_branches": 0, "missing_branches": 0}, "missing_lines": [], "excluded_lines": [], "executed_branches": [], "missing_branches": []}, "TestPatron.test_pay_fee_overpayment": {"executed_lines": [289, 291, 293, 294], "summary": {"covered_lines": 4, "num_statements": 4, "percent_covered": 100.0, "percent_covered_display": "100", "missing_lines": 0, "excluded_lines": 0, "num_branches": 0, "num_partial_branches": 0, "covered_branches": 0, "missing_branches": 0}, "missing_lines": [], "excluded_lines": [], "executed_branches": [], "missing_branches": []}, "TestPatron.test_str_representation": {"executed_lines": [300, 302, 304, 305, 306, 307, 308], "summary": {"covered_lines": 7, "num_statements": 7, "percent_covered": 100.0, "percent_covered_display": "100", "missing_lines": 0, "excluded_lines": 0, "num_branches": 0, "num_partial_branches": 0, "covered_branches": 0, "missing_branches": 0}, "missing_lines": [], "excluded_lines": [], "executed_branches": [], "missing_branches": []}, "TestPatron.test_str_with_loans": {"executed_lines": [312, 313, 314, 316, 318], "summary": {"covered_lines": 5, "num_statements": 5, "percent_covered": 100.0, "percent_covered_display": "100", "missing_lines": 0, "excluded_lines": 0, "num_branches": 0, "num_partial_branches": 0, "covered_branches": 0, "missing_branches": 0}, "missing_lines": [], "excluded_lines": [], "executed_branches": [], "missing_branches": []}, "TestPatron.test_to_full_string_no_loans": {"executed_lines": [324, 326, 328, 329], "summary": {"covered_lines": 4, "num_statements": 4, "percent_covered": 100.0, "percent_covered_display": "100", "missing_lines": 0, "excluded_lines": 0, "num_branches": 0, "num_partial_branches": 0, "covered_branches": 0, "missing_branches": 0}, "missing_lines": [], "excluded_lines": [], "executed_branches": [], "missing_branches": []}, "TestPatron.test_to_full_string_with_loans": {"executed_lines": [333, 334, 335, 337, 338, 340, 342, 343], "summary": {"covered_lines": 8, "num_statements": 8, "percent_covered": 100.0, "percent_covered_display": "100", "missing_lines": 0, "excluded_lines": 0, "num_branches": 0, "num_partial_branches": 0, "covered_branches": 0, "missing_branches": 0}, "missing_lines": [], "excluded_lines": [], "executed_branches": [], "missing_branches": []}, "TestPatron.test_patron_initialization_full": {"executed_lines": [350, 360, 361, 362, 363, 364, 365, 366, 367], "summary": {"covered_lines": 9, "num_statements": 9, "percent_covered": 100.0, "percent_covered_display": "100", "missing_lines": 0, "excluded_lines": 0, "num_branches": 0, "num_partial_branches": 0, "covered_branches": 0, "missing_branches": 0}, "missing_lines": [], "excluded_lines": [], "executed_branches": [], "missing_branches": []}, "TestPatron.test_patron_initialization_defaults": {"executed_lines": [371, 373, 374, 375, 376], "summary": {"covered_lines": 5, "num_statements": 5, "percent_covered": 100.0, "percent_covered_display": "100", "missing_lines": 0, "excluded_lines": 0, "num_branches": 0, "num_partial_branches": 0, "covered_branches": 0, "missing_branches": 0}, "missing_lines": [], "excluded_lines": [], "executed_branches": [], "missing_branches": []}, "": {"executed_lines": [1, 6, 7, 8, 9, 10, 13, 14, 18, 29, 40, 53, 71, 82, 97, 111, 123, 144, 153, 162, 170, 177, 187, 200, 213, 232, 253, 260, 269, 278, 287, 298, 310, 322, 331, 348, 369, 379], "summary": {"covered_lines": 36, "num_statements": 37, "percent_covered": 94.87179487179488, "percent_covered_display": "95", "missing_lines": 1, "excluded_lines": 0, "num_branches": 2, "num_partial_branches": 1, "covered_branches": 1, "missing_branches": 1}, "missing_lines": [380], "excluded_lines": [], "executed_branches": [[379, -1]], "missing_branches": [[379, 380]]}}, "classes": {"TestPatron": {"executed_lines": [20, 21, 23, 24, 26, 27, 31, 32, 34, 35, 37, 38, 42, 43, 45, 46, 48, 49, 55, 56, 58, 59, 61, 63, 64, 65, 68, 69, 73, 74, 76, 79, 80, 84, 85, 86, 88, 89, 91, 92, 93, 99, 100, 102, 103, 105, 107, 108, 109, 113, 114, 116, 118, 120, 121, 125, 126, 127, 128, 130, 131, 132, 134, 136, 137, 138, 139, 140, 146, 147, 149, 151, 155, 156, 158, 160, 164, 166, 172, 174, 175, 179, 180, 182, 184, 185, 189, 190, 193, 194, 195, 197, 198, 202, 203, 206, 207, 208, 210, 211, 215, 216, 217, 220, 221, 222, 225, 226, 227, 229, 230, 234, 235, 236, 239, 240, 241, 244, 245, 246, 248, 249, 255, 257, 258, 262, 264, 265, 271, 273, 275, 276, 280, 282, 284, 285, 289, 291, 293, 294, 300, 302, 304, 305, 306, 307, 308, 312, 313, 314, 316, 318, 324, 326, 328, 329, 333, 334, 335, 337, 338, 340, 342, 343, 350, 360, 361, 362, 363, 364, 365, 366, 367, 371, 373, 374, 375, 376], "summary": {"covered_lines": 178, "num_statements": 178, "percent_covered": 100.0, "percent_covered_display": "100", "missing_lines": 0, "excluded_lines": 0, "num_branches": 0, "num_partial_branches": 0, "covered_branches": 0, "missing_branches": 0}, "missing_lines": [], "excluded_lines": [], "executed_branches": [], "missing_branches": []}, "": {"executed_lines": [1, 6, 7, 8, 9, 10, 13, 14, 18, 29, 40, 53, 71, 82, 97, 111, 123, 144, 153, 162, 170, 177, 187, 200, 213, 232, 253, 260, 269, 278, 287, 298, 310, 322, 331, 348, 369, 379], "summary": {"covered_lines": 36, "num_statements": 37, "percent_covered": 94.87179487179488, "percent_covered_display": "95", "missing_lines": 1, "excluded_lines": 0, "num_branches": 2, "num_partial_branches": 1, "covered_branches": 1, "missing_branches": 1}, "missing_lines": [380], "excluded_lines": [], "executed_branches": [[379, -1]], "missing_branches": [[379, 380]]}}}}, "totals": {"covered_lines": 679, "num_statements": 684, "percent_covered": 98.41688654353563, "percent_covered_display": "98", "missing_lines": 5, "excluded_lines": 0, "num_branches": 74, "num_partial_branches": 7, "covered_branches": 67, "missing_branches": 7}}